已經開始建置於 2016/12/7 下午4:40:35。
     1>節點 2 (Build 目標) 上的專案 "\\psf\Home\Desktop\0316206_v1\HW1\HW1.vcxproj"。
     1>ClCompile:
         C:\Program Files (x86)\Microsoft Visual Studio 12.0\VC\bin\CL.exe /c /I./include /ZI /nologo /W3 /WX- /sdl- /Od /Oy- /D WIN32 /D _DEBUG /D _CONSOLE /D _LIB /D WIN32 /D _DEBUG /D _CONSOLE /D _LIB /D _CRT_SECURE_NO_WARNINGS /D _UNICODE /D UNICODE /Gm /EHsc /RTC1 /MDd /GS /fp:precise /Zc:wchar_t /Zc:forScope /Fo"Debug\\" /Fd"Debug\vc120.pdb" /Gd /TP /analyze- /errorReport:prompt main.cpp
         main.cpp
     1>\\psf\home\desktop\0316206_v1\hw1\include\freeimage.h : warning C4819: 檔案含有無法在目前字碼頁 (950) 中表示的字元。請以 Unicode 格式儲存檔案以防止資料遺失
     1>\\psf\home\desktop\0316206_v1\hw1\main.cpp(13): warning C4005: '_CRT_SECURE_NO_WARNINGS' : 巨集重複定義
                 命令列引數 : 請參閱 '_CRT_SECURE_NO_WARNINGS' 先前的定義
     1>\\psf\home\desktop\0316206_v1\hw1\main.cpp(404): warning C4018: '<' : signed/unsigned 不相符
     1>\\psf\home\desktop\0316206_v1\hw1\main.cpp(464): warning C4018: '<' : signed/unsigned 不相符
     1>\\psf\home\desktop\0316206_v1\hw1\main.cpp(528): warning C4018: '<' : signed/unsigned 不相符
     1>\\psf\home\desktop\0316206_v1\hw1\main.cpp(592): warning C4018: '<' : signed/unsigned 不相符
     1>\\psf\home\desktop\0316206_v1\hw1\main.cpp(873): warning C4018: '<' : signed/unsigned 不相符
     1>\\psf\home\desktop\0316206_v1\hw1\main.cpp(783): warning C4101: 'scene' : 未參考的區域變數
       Link:
         C:\Program Files (x86)\Microsoft Visual Studio 12.0\VC\bin\link.exe /ERRORREPORT:PROMPT /OUT:"\\psf\Home\Desktop\0316206_v1\Debug\HW1.exe" /INCREMENTAL /NOLOGO /LIBPATH:./lib FreeImage.lib glut32.lib glew32.lib glew32s.lib glaux.lib kernel32.lib user32.lib gdi32.lib winspool.lib comdlg32.lib advapi32.lib shell32.lib ole32.lib oleaut32.lib uuid.lib odbc32.lib odbccp32.lib /MANIFEST /MANIFESTUAC:"level='asInvoker' uiAccess='false'" /manifest:embed /DEBUG /PDB:"\\psf\Home\Desktop\0316206_v1\Debug\HW1.pdb" /SUBSYSTEM:CONSOLE /TLBID:1 /DYNAMICBASE /NXCOMPAT /IMPLIB:"\\psf\Home\Desktop\0316206_v1\Debug\HW1.lib" /MACHINE:X86 Debug\main.obj
         Debug\mesh.obj
         HW1.vcxproj -> \\psf\Home\Desktop\0316206_v1\Debug\HW1.exe
     1>專案 "\\psf\Home\Desktop\0316206_v1\HW1\HW1.vcxproj" (Build 目標) 建置完成。

建置成功。

經過時間 00:00:01.85
