已經開始建置於 2016/10/25 下午9:01:28。
     1>節點 2 (Build 目標) 上的專案 "\\psf\Home\Desktop\0316206_v1\HW1\HW1.vcxproj"。
     1>ClCompile:
         C:\Program Files (x86)\Microsoft Visual Studio 12.0\VC\bin\CL.exe /c /I./include /ZI /nologo /W3 /WX- /sdl- /Od /Oy- /D WIN32 /D _DEBUG /D _CONSOLE /D _LIB /D WIN32 /D _DEBUG /D _CONSOLE /D _LIB /D _UNICODE /D UNICODE /Gm /EHsc /RTC1 /MDd /GS /fp:precise /Zc:wchar_t /Zc:forScope /Fo"Debug\\" /Fd"Debug\vc120.pdb" /Gd /TP /analyze- /errorReport:prompt main.cpp
         main.cpp
     1>\\psf\home\desktop\0316206_v1\hw1\main.cpp(236): warning C4996: 'strtok': This function or variable may be unsafe. Consider using strtok_s instead. To disable deprecation, use _CRT_SECURE_NO_WARNINGS. See online help for details.
                 c:\program files (x86)\microsoft visual studio 12.0\vc\include\string.h(204) : 請參閱 'strtok' 的宣告
     1>\\psf\home\desktop\0316206_v1\hw1\main.cpp(237): warning C4996: 'strtok': This function or variable may be unsafe. Consider using strtok_s instead. To disable deprecation, use _CRT_SECURE_NO_WARNINGS. See online help for details.
                 c:\program files (x86)\microsoft visual studio 12.0\vc\include\string.h(204) : 請參閱 'strtok' 的宣告
     1>\\psf\home\desktop\0316206_v1\hw1\main.cpp(243): warning C4996: 'strtok': This function or variable may be unsafe. Consider using strtok_s instead. To disable deprecation, use _CRT_SECURE_NO_WARNINGS. See online help for details.
                 c:\program files (x86)\microsoft visual studio 12.0\vc\include\string.h(204) : 請參閱 'strtok' 的宣告
     1>\\psf\home\desktop\0316206_v1\hw1\main.cpp(249): warning C4996: 'strtok': This function or variable may be unsafe. Consider using strtok_s instead. To disable deprecation, use _CRT_SECURE_NO_WARNINGS. See online help for details.
                 c:\program files (x86)\microsoft visual studio 12.0\vc\include\string.h(204) : 請參閱 'strtok' 的宣告
     1>\\psf\home\desktop\0316206_v1\hw1\main.cpp(254): warning C4996: 'strtok': This function or variable may be unsafe. Consider using strtok_s instead. To disable deprecation, use _CRT_SECURE_NO_WARNINGS. See online help for details.
                 c:\program files (x86)\microsoft visual studio 12.0\vc\include\string.h(204) : 請參閱 'strtok' 的宣告
       Link:
         C:\Program Files (x86)\Microsoft Visual Studio 12.0\VC\bin\link.exe /ERRORREPORT:PROMPT /OUT:"\\psf\Home\Desktop\0316206_v1\Debug\HW1.exe" /INCREMENTAL /NOLOGO /LIBPATH:./lib glut32.lib glew32.lib glew32s.lib glaux.lib kernel32.lib user32.lib gdi32.lib winspool.lib comdlg32.lib advapi32.lib shell32.lib ole32.lib oleaut32.lib uuid.lib odbc32.lib odbccp32.lib /MANIFEST /MANIFESTUAC:"level='asInvoker' uiAccess='false'" /manifest:embed /DEBUG /PDB:"\\psf\Home\Desktop\0316206_v1\Debug\HW1.pdb" /SUBSYSTEM:CONSOLE /TLBID:1 /DYNAMICBASE /NXCOMPAT /IMPLIB:"\\psf\Home\Desktop\0316206_v1\Debug\HW1.lib" /MACHINE:X86 Debug\main.obj
         Debug\mesh.obj
         HW1.vcxproj -> \\psf\Home\Desktop\0316206_v1\Debug\HW1.exe
     1>專案 "\\psf\Home\Desktop\0316206_v1\HW1\HW1.vcxproj" (Build 目標) 建置完成。

建置成功。

經過時間 00:00:01.81
